<?xml version="1.0" encoding="UTF-8"?>
<testsuite name="com.polarbookshop.catalogservice.web.BookJsonTests" tests="2" skipped="0" failures="0" errors="0" timestamp="2022-04-24T22:27:00" hostname="SJR-MacBook-Pro.local" time="0.442">
  <properties/>
  <testcase name="testSerialize()" classname="com.polarbookshop.catalogservice.web.BookJsonTests" time="0.402"/>
  <testcase name="testDeserialize()" classname="com.polarbookshop.catalogservice.web.BookJsonTests" time="0.039"/>
  <system-out><![CDATA[17:27:00.114 [Test worker] DEBUG org.springframework.test.context.BootstrapUtils - Instantiating CacheAwareContextLoaderDelegate from class [org.springframework.test.context.cache.DefaultCacheAwareContextLoaderDelegate]
17:27:00.121 [Test worker] DEBUG org.springframework.test.context.BootstrapUtils - Instantiating BootstrapContext using constructor [public org.springframework.test.context.support.DefaultBootstrapContext(java.lang.Class,org.springframework.test.context.CacheAwareContextLoaderDelegate)]
17:27:00.157 [Test worker] DEBUG org.springframework.test.context.BootstrapUtils - Instantiating TestContextBootstrapper for test class [com.polarbookshop.catalogservice.web.BookJsonTests] from class [org.springframework.boot.test.autoconfigure.json.JsonTestContextBootstrapper]
17:27:00.167 [Test worker] INFO org.springframework.boot.test.autoconfigure.json.JsonTestContextBootstrapper - Neither @ContextConfiguration nor @ContextHierarchy found for test class [com.polarbookshop.catalogservice.web.BookJsonTests], using SpringBootContextLoader
17:27:00.170 [Test worker] DEBUG org.springframework.test.context.support.AbstractContextLoader - Did not detect default resource location for test class [com.polarbookshop.catalogservice.web.BookJsonTests]: class path resource [com/polarbookshop/catalogservice/web/BookJsonTests-context.xml] does not exist
17:27:00.170 [Test worker] DEBUG org.springframework.test.context.support.AbstractContextLoader - Did not detect default resource location for test class [com.polarbookshop.catalogservice.web.BookJsonTests]: class path resource [com/polarbookshop/catalogservice/web/BookJsonTestsContext.groovy] does not exist
17:27:00.170 [Test worker] INFO org.springframework.test.context.support.AbstractContextLoader - Could not detect default resource locations for test class [com.polarbookshop.catalogservice.web.BookJsonTests]: no resource found for suffixes {-context.xml, Context.groovy}.
17:27:00.171 [Test worker] INFO org.springframework.test.context.support.AnnotationConfigContextLoaderUtils - Could not detect default configuration classes for test class [com.polarbookshop.catalogservice.web.BookJsonTests]: BookJsonTests does not declare any static, non-private, non-final, nested classes annotated with @Configuration.
17:27:00.220 [Test worker] DEBUG org.springframework.test.context.support.ActiveProfilesUtils - Could not find an 'annotation declaring class' for annotation type [org.springframework.test.context.ActiveProfiles] and class [com.polarbookshop.catalogservice.web.BookJsonTests]
17:27:00.274 [Test worker] DEBUG org.springframework.context.annotation.ClassPathScanningCandidateComponentProvider - Identified candidate component class: file [/Users/sjrogers/workspaces/cloud-native/catalog-service/build/classes/java/main/com/polarbookshop/catalogservice/CatalogServiceApplication.class]
17:27:00.275 [Test worker] INFO org.springframework.boot.test.context.SpringBootTestContextBootstrapper - Found @SpringBootConfiguration com.polarbookshop.catalogservice.CatalogServiceApplication for test class com.polarbookshop.catalogservice.web.BookJsonTests
17:27:00.276 [Test worker] DEBUG org.springframework.boot.test.autoconfigure.json.JsonTestContextBootstrapper - @TestExecutionListeners is not present for class [com.polarbookshop.catalogservice.web.BookJsonTests]: using defaults.
17:27:00.277 [Test worker] INFO org.springframework.boot.test.autoconfigure.json.JsonTestContextBootstrapper - Loaded default TestExecutionListener class names from location [META-INF/spring.factories]: [org.springframework.boot.test.autoconfigure.restdocs.RestDocsTestExecutionListener, org.springframework.boot.test.autoconfigure.web.client.MockRestServiceServerResetTestExecutionListener, org.springframework.boot.test.autoconfigure.web.servlet.MockMvcPrintOnlyOnFailureTestExecutionListener, org.springframework.boot.test.autoconfigure.web.servlet.WebDriverTestExecutionListener, org.springframework.boot.test.autoconfigure.webservices.client.MockWebServiceServerTestExecutionListener, org.springframework.boot.test.mock.mockito.MockitoTestExecutionListener, org.springframework.boot.test.mock.mockito.ResetMocksTestExecutionListener, org.springframework.test.context.web.ServletTestExecutionListener, org.springframework.test.context.support.DirtiesContextBeforeModesTestExecutionListener, org.springframework.test.context.event.ApplicationEventsTestExecutionListener, org.springframework.test.context.support.DependencyInjectionTestExecutionListener, org.springframework.test.context.support.DirtiesContextTestExecutionListener, org.springframework.test.context.transaction.TransactionalTestExecutionListener, org.springframework.test.context.jdbc.SqlScriptsTestExecutionListener, org.springframework.test.context.event.EventPublishingTestExecutionListener]
17:27:00.285 [Test worker] DEBUG org.springframework.boot.test.autoconfigure.json.JsonTestContextBootstrapper - Skipping candidate TestExecutionListener [org.springframework.test.context.transaction.TransactionalTestExecutionListener] due to a missing dependency. Specify custom listener classes or make the default listener classes and their required dependencies available. Offending class: [org/springframework/transaction/interceptor/TransactionAttributeSource]
17:27:00.285 [Test worker] DEBUG org.springframework.boot.test.autoconfigure.json.JsonTestContextBootstrapper - Skipping candidate TestExecutionListener [org.springframework.test.context.jdbc.SqlScriptsTestExecutionListener] due to a missing dependency. Specify custom listener classes or make the default listener classes and their required dependencies available. Offending class: [org/springframework/transaction/interceptor/TransactionAttribute]
17:27:00.285 [Test worker] INFO org.springframework.boot.test.autoconfigure.json.JsonTestContextBootstrapper - Using TestExecutionListeners: [org.springframework.test.context.web.ServletTestExecutionListener@c5ee75e, org.springframework.test.context.support.DirtiesContextBeforeModesTestExecutionListener@48a12036, org.springframework.test.context.event.ApplicationEventsTestExecutionListener@bf1ec20, org.springframework.boot.test.mock.mockito.MockitoTestExecutionListener@70efb718, org.springframework.boot.test.autoconfigure.SpringBootDependencyInjectionTestExecutionListener@b70da4c, org.springframework.test.context.support.DirtiesContextTestExecutionListener@4a11eb84, org.springframework.test.context.event.EventPublishingTestExecutionListener@4e858e0a, org.springframework.boot.test.autoconfigure.restdocs.RestDocsTestExecutionListener@435fb7b5, org.springframework.boot.test.autoconfigure.web.client.MockRestServiceServerResetTestExecutionListener@4e70a728, org.springframework.boot.test.autoconfigure.web.servlet.MockMvcPrintOnlyOnFailureTestExecutionListener@b7838a9, org.springframework.boot.test.autoconfigure.web.servlet.WebDriverTestExecutionListener@696f0212, org.springframework.boot.test.autoconfigure.webservices.client.MockWebServiceServerTestExecutionListener@5733f295, org.springframework.boot.test.mock.mockito.ResetMocksTestExecutionListener@1c3146bc]
17:27:00.288 [Test worker] DEBUG org.springframework.test.context.support.AbstractDirtiesContextTestExecutionListener - Before test class: context [DefaultTestContext@3c989952 testClass = BookJsonTests, testInstance = [null], testMethod = [null], testException = [null], mergedContextConfiguration = [MergedContextConfiguration@784b990c testClass = BookJsonTests, locations = '{}', classes = '{class com.polarbookshop.catalogservice.CatalogServiceApplication}', contextInitializerClasses = '[]', activeProfiles = '{}', propertySourceLocations = '{}', propertySourceProperties = '{org.springframework.boot.test.autoconfigure.json.JsonTestContextBootstrapper=true}', contextCustomizers = set[org.springframework.boot.test.autoconfigure.OverrideAutoConfigurationContextCustomizerFactory$DisableAutoConfigurationContextCustomizer@673be18f, org.springframework.boot.test.autoconfigure.actuate.metrics.MetricsExportContextCustomizerFactory$DisableMetricExportContextCustomizer@3fed2870, org.springframework.boot.test.autoconfigure.filter.TypeExcludeFiltersContextCustomizer@2da8c561, org.springframework.boot.test.autoconfigure.properties.PropertyMappingContextCustomizer@2a8a8388, org.springframework.boot.test.autoconfigure.web.servlet.WebDriverContextCustomizerFactory$Customizer@4426bff1, [ImportsContextCustomizer@3d3ba765 key = [org.springframework.boot.autoconfigure.cache.CacheAutoConfiguration, org.springframework.boot.autoconfigure.gson.GsonAutoConfiguration, org.springframework.boot.autoconfigure.jackson.JacksonAutoConfiguration, org.springframework.boot.autoconfigure.jsonb.JsonbAutoConfiguration, org.springframework.boot.test.autoconfigure.json.JsonTestersAutoConfiguration]], org.springframework.boot.test.context.filter.ExcludeFilterContextCustomizer@16fdec90, org.springframework.boot.test.json.DuplicateJsonObjectContextCustomizerFactory$DuplicateJsonObjectContextCustomizer@7776ab, org.springframework.boot.test.mock.mockito.MockitoContextCustomizer@0, org.springframework.boot.test.context.SpringBootTestArgs@1, org.springframework.boot.test.context.SpringBootTestWebEnvironment@0], contextLoader = 'org.springframework.boot.test.context.SpringBootContextLoader', parent = [null]], attributes = map[[empty]]], class annotated with @DirtiesContext [false] with mode [null].
17:27:00.295 [Test worker] DEBUG org.springframework.test.context.support.DependencyInjectionTestExecutionListener - Performing dependency injection for test context [[DefaultTestContext@3c989952 testClass = BookJsonTests, testInstance = com.polarbookshop.catalogservice.web.BookJsonTests@3eeb318f, testMethod = [null], testException = [null], mergedContextConfiguration = [MergedContextConfiguration@784b990c testClass = BookJsonTests, locations = '{}', classes = '{class com.polarbookshop.catalogservice.CatalogServiceApplication}', contextInitializerClasses = '[]', activeProfiles = '{}', propertySourceLocations = '{}', propertySourceProperties = '{org.springframework.boot.test.autoconfigure.json.JsonTestContextBootstrapper=true}', contextCustomizers = set[org.springframework.boot.test.autoconfigure.OverrideAutoConfigurationContextCustomizerFactory$DisableAutoConfigurationContextCustomizer@673be18f, org.springframework.boot.test.autoconfigure.actuate.metrics.MetricsExportContextCustomizerFactory$DisableMetricExportContextCustomizer@3fed2870, org.springframework.boot.test.autoconfigure.filter.TypeExcludeFiltersContextCustomizer@2da8c561, org.springframework.boot.test.autoconfigure.properties.PropertyMappingContextCustomizer@2a8a8388, org.springframework.boot.test.autoconfigure.web.servlet.WebDriverContextCustomizerFactory$Customizer@4426bff1, [ImportsContextCustomizer@3d3ba765 key = [org.springframework.boot.autoconfigure.cache.CacheAutoConfiguration, org.springframework.boot.autoconfigure.gson.GsonAutoConfiguration, org.springframework.boot.autoconfigure.jackson.JacksonAutoConfiguration, org.springframework.boot.autoconfigure.jsonb.JsonbAutoConfiguration, org.springframework.boot.test.autoconfigure.json.JsonTestersAutoConfiguration]], org.springframework.boot.test.context.filter.ExcludeFilterContextCustomizer@16fdec90, org.springframework.boot.test.json.DuplicateJsonObjectContextCustomizerFactory$DuplicateJsonObjectContextCustomizer@7776ab, org.springframework.boot.test.mock.mockito.MockitoContextCustomizer@0, org.springframework.boot.test.context.SpringBootTestArgs@1, org.springframework.boot.test.context.SpringBootTestWebEnvironment@0], contextLoader = 'org.springframework.boot.test.context.SpringBootContextLoader', parent = [null]], attributes = map['org.springframework.test.context.event.ApplicationEventsTestExecutionListener.recordApplicationEvents' -> false]]].

  .   ____          _            __ _ _
 /\\ / ___'_ __ _ _(_)_ __  __ _ \ \ \ \
( ( )\___ | '_ | '_| | '_ \/ _` | \ \ \ \
 \\/  ___)| |_)| | | | | || (_| |  ) ) ) )
  '  |____| .__|_| |_|_| |_\__, | / / / /
 =========|_|==============|___/=/_/_/_/
 :: Spring Boot ::       (v2.7.0-SNAPSHOT)

2022-04-24 17:27:00.548  INFO 95622 --- [    Test worker] c.p.catalogservice.web.BookJsonTests     : Starting BookJsonTests using Java 17.0.3 on SJR-MacBook-Pro.local with PID 95622 (started by sjrogers in /Users/sjrogers/workspaces/cloud-native/catalog-service)
2022-04-24 17:27:00.549  INFO 95622 --- [    Test worker] c.p.catalogservice.web.BookJsonTests     : No active profile set, falling back to 1 default profile: "default"
2022-04-24 17:27:00.905  INFO 95622 --- [    Test worker] c.p.catalogservice.web.BookJsonTests     : Started BookJsonTests in 0.588 seconds (JVM running for 1.328)
]]></system-out>
  <system-err><![CDATA[]]></system-err>
</testsuite>
