<?xml version="1.0" encoding="UTF-8"?>
<testsuite name="com.polarbookshop.catalogservice.CatalogServiceApplicationTests" tests="1" skipped="0" failures="0" errors="0" timestamp="2022-04-24T18:57:44" hostname="SJR-MacBook-Pro.local" time="0.279">
  <properties/>
  <testcase name="contextLoads()" classname="com.polarbookshop.catalogservice.CatalogServiceApplicationTests" time="0.279"/>
  <system-out><![CDATA[13:57:42.702 [Test worker] DEBUG org.springframework.test.context.BootstrapUtils - Instantiating CacheAwareContextLoaderDelegate from class [org.springframework.test.context.cache.DefaultCacheAwareContextLoaderDelegate]
13:57:42.709 [Test worker] DEBUG org.springframework.test.context.BootstrapUtils - Instantiating BootstrapContext using constructor [public org.springframework.test.context.support.DefaultBootstrapContext(java.lang.Class,org.springframework.test.context.CacheAwareContextLoaderDelegate)]
13:57:42.732 [Test worker] DEBUG org.springframework.test.context.BootstrapUtils - Instantiating TestContextBootstrapper for test class [com.polarbookshop.catalogservice.CatalogServiceApplicationTests] from class [org.springframework.boot.test.context.SpringBootTestContextBootstrapper]
13:57:42.739 [Test worker] INFO org.springframework.boot.test.context.SpringBootTestContextBootstrapper - Neither @ContextConfiguration nor @ContextHierarchy found for test class [com.polarbookshop.catalogservice.CatalogServiceApplicationTests], using SpringBootContextLoader
13:57:42.742 [Test worker] DEBUG org.springframework.test.context.support.AbstractContextLoader - Did not detect default resource location for test class [com.polarbookshop.catalogservice.CatalogServiceApplicationTests]: class path resource [com/polarbookshop/catalogservice/CatalogServiceApplicationTests-context.xml] does not exist
13:57:42.742 [Test worker] DEBUG org.springframework.test.context.support.AbstractContextLoader - Did not detect default resource location for test class [com.polarbookshop.catalogservice.CatalogServiceApplicationTests]: class path resource [com/polarbookshop/catalogservice/CatalogServiceApplicationTestsContext.groovy] does not exist
13:57:42.742 [Test worker] INFO org.springframework.test.context.support.AbstractContextLoader - Could not detect default resource locations for test class [com.polarbookshop.catalogservice.CatalogServiceApplicationTests]: no resource found for suffixes {-context.xml, Context.groovy}.
13:57:42.743 [Test worker] INFO org.springframework.test.context.support.AnnotationConfigContextLoaderUtils - Could not detect default configuration classes for test class [com.polarbookshop.catalogservice.CatalogServiceApplicationTests]: CatalogServiceApplicationTests does not declare any static, non-private, non-final, nested classes annotated with @Configuration.
13:57:42.772 [Test worker] DEBUG org.springframework.test.context.support.ActiveProfilesUtils - Could not find an 'annotation declaring class' for annotation type [org.springframework.test.context.ActiveProfiles] and class [com.polarbookshop.catalogservice.CatalogServiceApplicationTests]
13:57:42.809 [Test worker] DEBUG org.springframework.context.annotation.ClassPathScanningCandidateComponentProvider - Identified candidate component class: file [/Users/sjrogers/workspaces/cloud-native/catalog-service/build/classes/java/main/com/polarbookshop/catalogservice/CatalogServiceApplication.class]
13:57:42.817 [Test worker] INFO org.springframework.boot.test.context.SpringBootTestContextBootstrapper - Found @SpringBootConfiguration com.polarbookshop.catalogservice.CatalogServiceApplication for test class com.polarbookshop.catalogservice.CatalogServiceApplicationTests
13:57:42.873 [Test worker] DEBUG org.springframework.boot.test.context.SpringBootTestContextBootstrapper - @TestExecutionListeners is not present for class [com.polarbookshop.catalogservice.CatalogServiceApplicationTests]: using defaults.
13:57:42.874 [Test worker] INFO org.springframework.boot.test.context.SpringBootTestContextBootstrapper - Loaded default TestExecutionListener class names from location [META-INF/spring.factories]: [org.springframework.boot.test.autoconfigure.restdocs.RestDocsTestExecutionListener, org.springframework.boot.test.autoconfigure.web.client.MockRestServiceServerResetTestExecutionListener, org.springframework.boot.test.autoconfigure.web.servlet.MockMvcPrintOnlyOnFailureTestExecutionListener, org.springframework.boot.test.autoconfigure.web.servlet.WebDriverTestExecutionListener, org.springframework.boot.test.autoconfigure.webservices.client.MockWebServiceServerTestExecutionListener, org.springframework.boot.test.mock.mockito.MockitoTestExecutionListener, org.springframework.boot.test.mock.mockito.ResetMocksTestExecutionListener, org.springframework.test.context.web.ServletTestExecutionListener, org.springframework.test.context.support.DirtiesContextBeforeModesTestExecutionListener, org.springframework.test.context.event.ApplicationEventsTestExecutionListener, org.springframework.test.context.support.DependencyInjectionTestExecutionListener, org.springframework.test.context.support.DirtiesContextTestExecutionListener, org.springframework.test.context.transaction.TransactionalTestExecutionListener, org.springframework.test.context.jdbc.SqlScriptsTestExecutionListener, org.springframework.test.context.event.EventPublishingTestExecutionListener]
13:57:42.886 [Test worker] DEBUG org.springframework.boot.test.context.SpringBootTestContextBootstrapper - Skipping candidate TestExecutionListener [org.springframework.test.context.transaction.TransactionalTestExecutionListener] due to a missing dependency. Specify custom listener classes or make the default listener classes and their required dependencies available. Offending class: [org/springframework/transaction/interceptor/TransactionAttributeSource]
13:57:42.887 [Test worker] DEBUG org.springframework.boot.test.context.SpringBootTestContextBootstrapper - Skipping candidate TestExecutionListener [org.springframework.test.context.jdbc.SqlScriptsTestExecutionListener] due to a missing dependency. Specify custom listener classes or make the default listener classes and their required dependencies available. Offending class: [org/springframework/transaction/interceptor/TransactionAttribute]
13:57:42.887 [Test worker] INFO org.springframework.boot.test.context.SpringBootTestContextBootstrapper - Using TestExecutionListeners: [org.springframework.test.context.web.ServletTestExecutionListener@75459c75, org.springframework.test.context.support.DirtiesContextBeforeModesTestExecutionListener@183e8023, org.springframework.test.context.event.ApplicationEventsTestExecutionListener@45efc20d, org.springframework.boot.test.mock.mockito.MockitoTestExecutionListener@3e5499cc, org.springframework.boot.test.autoconfigure.SpringBootDependencyInjectionTestExecutionListener@67ab1c47, org.springframework.test.context.support.DirtiesContextTestExecutionListener@b78a709, org.springframework.test.context.event.EventPublishingTestExecutionListener@30bcf3c1, org.springframework.boot.test.autoconfigure.restdocs.RestDocsTestExecutionListener@2a3c96e3, org.springframework.boot.test.autoconfigure.web.client.MockRestServiceServerResetTestExecutionListener@15cafec7, org.springframework.boot.test.autoconfigure.web.servlet.MockMvcPrintOnlyOnFailureTestExecutionListener@5b444398, org.springframework.boot.test.autoconfigure.web.servlet.WebDriverTestExecutionListener@cb191ca, org.springframework.boot.test.autoconfigure.webservices.client.MockWebServiceServerTestExecutionListener@42f48531, org.springframework.boot.test.mock.mockito.ResetMocksTestExecutionListener@a776e]
13:57:42.890 [Test worker] DEBUG org.springframework.test.context.support.AbstractDirtiesContextTestExecutionListener - Before test class: context [DefaultTestContext@56bca85b testClass = CatalogServiceApplicationTests, testInstance = [null], testMethod = [null], testException = [null], mergedContextConfiguration = [WebMergedContextConfiguration@75d0911a testClass = CatalogServiceApplicationTests, locations = '{}', classes = '{class com.polarbookshop.catalogservice.CatalogServiceApplication}', contextInitializerClasses = '[]', activeProfiles = '{}', propertySourceLocations = '{}', propertySourceProperties = '{org.springframework.boot.test.context.SpringBootTestContextBootstrapper=true}', contextCustomizers = set[org.springframework.boot.test.autoconfigure.actuate.metrics.MetricsExportContextCustomizerFactory$DisableMetricExportContextCustomizer@3b8f0a79, org.springframework.boot.test.autoconfigure.properties.PropertyMappingContextCustomizer@0, org.springframework.boot.test.autoconfigure.web.servlet.WebDriverContextCustomizerFactory$Customizer@609db546, org.springframework.boot.test.context.filter.ExcludeFilterContextCustomizer@341814d3, org.springframework.boot.test.json.DuplicateJsonObjectContextCustomizerFactory$DuplicateJsonObjectContextCustomizer@119cbf96, org.springframework.boot.test.mock.mockito.MockitoContextCustomizer@0, org.springframework.boot.test.web.client.TestRestTemplateContextCustomizer@7d9e8ef7, org.springframework.boot.test.context.SpringBootTestArgs@1, org.springframework.boot.test.context.SpringBootTestWebEnvironment@2362f559], resourceBasePath = 'src/main/webapp', contextLoader = 'org.springframework.boot.test.context.SpringBootContextLoader', parent = [null]], attributes = map['org.springframework.test.context.web.ServletTestExecutionListener.activateListener' -> true]], class annotated with @DirtiesContext [false] with mode [null].

  .   ____          _            __ _ _
 /\\ / ___'_ __ _ _(_)_ __  __ _ \ \ \ \
( ( )\___ | '_ | '_| | '_ \/ _` | \ \ \ \
 \\/  ___)| |_)| | | | | || (_| |  ) ) ) )
  '  |____| .__|_| |_|_| |_\__, | / / / /
 =========|_|==============|___/=/_/_/_/
 :: Spring Boot ::       (v2.7.0-SNAPSHOT)

2022-04-24 13:57:43.097  INFO 76033 --- [    Test worker] c.p.c.CatalogServiceApplicationTests     : Starting CatalogServiceApplicationTests using Java 16.0.2 on SJR-MacBook-Pro.local with PID 76033 (started by sjrogers in /Users/sjrogers/workspaces/cloud-native/catalog-service)
2022-04-24 13:57:43.098  INFO 76033 --- [    Test worker] c.p.c.CatalogServiceApplicationTests     : No active profile set, falling back to 1 default profile: "default"
2022-04-24 13:57:43.996  INFO 76033 --- [    Test worker] c.p.c.CatalogServiceApplicationTests     : Started CatalogServiceApplicationTests in 1.079 seconds (JVM running for 1.842)
]]></system-out>
  <system-err><![CDATA[]]></system-err>
</testsuite>
