<?xml version="1.0" encoding="UTF-8"?>
<testsuite name="com.polarbookshop.catalogservice.web.BookJsonTests" tests="2" skipped="0" failures="0" errors="0" timestamp="2022-04-25T21:11:10" hostname="SJR-MacBook-Pro.local" time="0.054">
  <properties/>
  <testcase name="testSerialize()" classname="com.polarbookshop.catalogservice.web.BookJsonTests" time="0.026"/>
  <testcase name="testDeserialize()" classname="com.polarbookshop.catalogservice.web.BookJsonTests" time="0.027"/>
  <system-out><![CDATA[2022-04-25 16:11:10.019  INFO 98223 --- [    Test worker] o.s.b.t.a.j.JsonTestContextBootstrapper  : Neither @ContextConfiguration nor @ContextHierarchy found for test class [com.polarbookshop.catalogservice.web.BookJsonTests], using SpringBootContextLoader
2022-04-25 16:11:10.020  INFO 98223 --- [    Test worker] o.s.t.c.support.AbstractContextLoader    : Could not detect default resource locations for test class [com.polarbookshop.catalogservice.web.BookJsonTests]: no resource found for suffixes {-context.xml, Context.groovy}.
2022-04-25 16:11:10.020  INFO 98223 --- [    Test worker] t.c.s.AnnotationConfigContextLoaderUtils : Could not detect default configuration classes for test class [com.polarbookshop.catalogservice.web.BookJsonTests]: BookJsonTests does not declare any static, non-private, non-final, nested classes annotated with @Configuration.
2022-04-25 16:11:10.023  INFO 98223 --- [    Test worker] .b.t.c.SpringBootTestContextBootstrapper : Found @SpringBootConfiguration com.polarbookshop.catalogservice.CatalogServiceApplication for test class com.polarbookshop.catalogservice.web.BookJsonTests
2022-04-25 16:11:10.023  INFO 98223 --- [    Test worker] o.s.b.t.a.j.JsonTestContextBootstrapper  : Loaded default TestExecutionListener class names from location [META-INF/spring.factories]: [org.springframework.boot.test.autoconfigure.restdocs.RestDocsTestExecutionListener, org.springframework.boot.test.autoconfigure.web.client.MockRestServiceServerResetTestExecutionListener, org.springframework.boot.test.autoconfigure.web.servlet.MockMvcPrintOnlyOnFailureTestExecutionListener, org.springframework.boot.test.autoconfigure.web.servlet.WebDriverTestExecutionListener, org.springframework.boot.test.autoconfigure.webservices.client.MockWebServiceServerTestExecutionListener, org.springframework.boot.test.mock.mockito.MockitoTestExecutionListener, org.springframework.boot.test.mock.mockito.ResetMocksTestExecutionListener, org.springframework.test.context.web.ServletTestExecutionListener, org.springframework.test.context.support.DirtiesContextBeforeModesTestExecutionListener, org.springframework.test.context.event.ApplicationEventsTestExecutionListener, org.springframework.test.context.support.DependencyInjectionTestExecutionListener, org.springframework.test.context.support.DirtiesContextTestExecutionListener, org.springframework.test.context.transaction.TransactionalTestExecutionListener, org.springframework.test.context.jdbc.SqlScriptsTestExecutionListener, org.springframework.test.context.event.EventPublishingTestExecutionListener]
2022-04-25 16:11:10.024  INFO 98223 --- [    Test worker] o.s.b.t.a.j.JsonTestContextBootstrapper  : Using TestExecutionListeners: [org.springframework.test.context.web.ServletTestExecutionListener@320e179f, org.springframework.test.context.support.DirtiesContextBeforeModesTestExecutionListener@24731caf, org.springframework.test.context.event.ApplicationEventsTestExecutionListener@6e1ad658, org.springframework.boot.test.mock.mockito.MockitoTestExecutionListener@486dd616, org.springframework.boot.test.autoconfigure.SpringBootDependencyInjectionTestExecutionListener@a1d926b, org.springframework.test.context.support.DirtiesContextTestExecutionListener@36b761e3, org.springframework.test.context.event.EventPublishingTestExecutionListener@e27d97b, org.springframework.boot.test.autoconfigure.restdocs.RestDocsTestExecutionListener@285c63cf, org.springframework.boot.test.autoconfigure.web.client.MockRestServiceServerResetTestExecutionListener@4e343265, org.springframework.boot.test.autoconfigure.web.servlet.MockMvcPrintOnlyOnFailureTestExecutionListener@4301fa39, org.springframework.boot.test.autoconfigure.web.servlet.WebDriverTestExecutionListener@73dd0f23, org.springframework.boot.test.autoconfigure.webservices.client.MockWebServiceServerTestExecutionListener@38d4488c, org.springframework.boot.test.mock.mockito.ResetMocksTestExecutionListener@579ce2e9]

  .   ____          _            __ _ _
 /\\ / ___'_ __ _ _(_)_ __  __ _ \ \ \ \
( ( )\___ | '_ | '_| | '_ \/ _` | \ \ \ \
 \\/  ___)| |_)| | | | | || (_| |  ) ) ) )
  '  |____| .__|_| |_|_| |_\__, | / / / /
 =========|_|==============|___/=/_/_/_/
 :: Spring Boot ::       (v2.7.0-SNAPSHOT)

2022-04-25 16:11:10.041  INFO 98223 --- [    Test worker] c.p.catalogservice.web.BookJsonTests     : Starting BookJsonTests using Java 17.0.3 on SJR-MacBook-Pro.local with PID 98223 (started by sjrogers in /Users/sjrogers/workspaces/cloud-native/catalog-service)
2022-04-25 16:11:10.041  INFO 98223 --- [    Test worker] c.p.catalogservice.web.BookJsonTests     : No active profile set, falling back to 1 default profile: "default"
2022-04-25 16:11:10.097  INFO 98223 --- [    Test worker] c.p.catalogservice.web.BookJsonTests     : Started BookJsonTests in 0.072 seconds (JVM running for 3.857)
]]></system-out>
  <system-err><![CDATA[]]></system-err>
</testsuite>
